JumpingJack/Wearable/build/intermediates/manifest_merge_blame_file/debug/manifest-merger-blame-debug-report.txt
1<?xml version="1.0" encoding="utf-8"?>
2<!--
3 Copyright (C) 2014 The Android Open Source Project
4
5     Licensed under the Apache License, Version 2.0 (the "License");
6     you may not use this file except in compliance with the License.
7     You may obtain a copy of the License at
8
9          http://www.apache.org/licenses/LICENSE-2.0
10
11     Unless required by applicable law or agreed to in writing, software
12     distributed under the License is distributed on an "AS IS" BASIS,
13     WITHOUT WARRANTIES OR CONDITIONS OF ANY KIND, either express or implied.
14     See the License for the specific language governing permissions and
15     limitations under the License.
16-->
17<manifest xmlns:android="http://schemas.android.com/apk/res/android"
18    package="com.example.android.wearable.jumpingjack"
19    android:targetSandboxVersion="1"
20    android:versionCode="1"
21    android:versionName="1.0" >
22
23    <uses-sdk
24        android:minSdkVersion="26"
24-->src\main\AndroidManifest.xml
25        android:targetSdkVersion="28" />
25-->src\main\AndroidManifest.xml
26
27    <uses-feature android:name="android.hardware.type.watch" />
27-->src\main\AndroidManifest.xml:22:5-64
27-->src\main\AndroidManifest.xml:22:19-61
28    <uses-feature
28-->src\main\AndroidManifest.xml:23:5-89
29        android:name="android.hardware.bluetooth_le"
29-->src\main\AndroidManifest.xml:23:19-63
30        android:required="true" />
30-->src\main\AndroidManifest.xml:23:64-87
31
32    <uses-permission android:name="android.permission.VIBRATE" />
32-->src\main\AndroidManifest.xml:25:5-65
32-->src\main\AndroidManifest.xml:25:22-63
33    <uses-permission android:name="android.permission.WAKE_LOCK" />
33-->src\main\AndroidManifest.xml:27:5-68
33-->src\main\AndroidManifest.xml:27:22-65
34    <uses-permission android:name="android.permission.BLUETOOTH" />
34-->src\main\AndroidManifest.xml:28:5-67
34-->src\main\AndroidManifest.xml:28:22-65
35    <uses-permission android:name="android.permission.BLUETOOTH_ADMIN" />
35-->src\main\AndroidManifest.xml:29:5-73
35-->src\main\AndroidManifest.xml:29:22-71
36    <uses-permission android:name="android.permission.INTERNET" />
36-->src\main\AndroidManifest.xml:31:5-66
36-->src\main\AndroidManifest.xml:31:22-64
37    <uses-permission android:name="android.permission.READ_EXTERNAL_STORAGE" />
37-->src\main\AndroidManifest.xml:32:5-79
37-->src\main\AndroidManifest.xml:32:22-77
38    <uses-permission android:name="android.permission.WRITE_EXTERNAL_STORAGE" />
38-->src\main\AndroidManifest.xml:33:5-80
38-->src\main\AndroidManifest.xml:33:22-78
39
40    <!-- Required only if your app isn't using the Device Companion Manager. -->
41    <uses-permission android:name="android.permission.ACCESS_FINE_LOCATION" />
41-->src\main\AndroidManifest.xml:36:5-79
41-->src\main\AndroidManifest.xml:36:22-76
42
43    <application
43-->src\main\AndroidManifest.xml:38:5-58:19
44        android:allowBackup="true"
44-->src\main\AndroidManifest.xml:39:13-39
45        android:appComponentFactory="androidx.core.app.CoreComponentFactory"
45-->[androidx.core:core:1.3.1] AndroidManifest.xml:24:18-86
46        android:debuggable="true"
47        android:extractNativeLibs="false"
48        android:icon="@drawable/ic_launcher"
48-->src\main\AndroidManifest.xml:40:13-49
49        android:label="@string/app_name"
49-->src\main\AndroidManifest.xml:41:13-45
50        android:testOnly="true"
51        android:theme="@android:style/Theme.DeviceDefault.Light"
51-->src\main\AndroidManifest.xml:42:13-69
52        android:usesCleartextTraffic="true" >
52-->src\main\AndroidManifest.xml:44:13-48
53        <meta-data
53-->src\main\AndroidManifest.xml:46:9-48:36
54            android:name="com.google.android.wearable.standalone"
54-->src\main\AndroidManifest.xml:47:13-66
55            android:value="true" />
55-->src\main\AndroidManifest.xml:48:13-33
56
57        <activity
57-->src\main\AndroidManifest.xml:50:9-57:20
58            android:name="com.example.android.wearable.jumpingjack.MainActivity"
58-->src\main\AndroidManifest.xml:51:17-45
59            android:label="@string/app_name" >
59-->src\main\AndroidManifest.xml:52:17-49
60            <intent-filter>
60-->src\main\AndroidManifest.xml:53:13-56:29
61                <action android:name="android.intent.action.MAIN" />
61-->src\main\AndroidManifest.xml:54:17-68
61-->src\main\AndroidManifest.xml:54:25-66
62
63                <category android:name="android.intent.category.LAUNCHER" />
63-->src\main\AndroidManifest.xml:55:17-76
63-->src\main\AndroidManifest.xml:55:27-74
64            </intent-filter>
65        </activity>
66
67        <uses-library
67-->[com.google.android.support:wearable:2.7.0] AndroidManifest.xml:10:9-12:40
68            android:name="com.google.android.wearable"
68-->[com.google.android.support:wearable:2.7.0] AndroidManifest.xml:11:13-55
69            android:required="false" />
69-->[com.google.android.support:wearable:2.7.0] AndroidManifest.xml:12:13-37
70
71        <activity
71-->[com.google.android.gms:play-services-base:17.0.0] AndroidManifest.xml:23:9-26:75
72            android:name="com.google.android.gms.common.api.GoogleApiActivity"
72-->[com.google.android.gms:play-services-base:17.0.0] AndroidManifest.xml:24:13-79
73            android:exported="false"
73-->[com.google.android.gms:play-services-base:17.0.0] AndroidManifest.xml:25:13-37
74            android:theme="@android:style/Theme.Translucent.NoTitleBar" />
74-->[com.google.android.gms:play-services-base:17.0.0] AndroidManifest.xml:26:13-72
75
76        <meta-data
76-->[com.google.android.gms:play-services-basement:17.0.0] AndroidManifest.xml:23:9-25:69
77            android:name="com.google.android.gms.version"
77-->[com.google.android.gms:play-services-basement:17.0.0] AndroidManifest.xml:24:13-58
78            android:value="@integer/google_play_services_version" />
78-->[com.google.android.gms:play-services-basement:17.0.0] AndroidManifest.xml:25:13-66
79    </application>
80
81</manifest>